<?xml version="1.0" encoding="UTF-8"?>
<!-- Generated by org.testng.reporters.JUnitXMLReporter -->
<testsuite ignored="0" hostname="Niranjan" failures="0" tests="1" name="Test" time="0.05" errors="0" timestamp="2025-06-08T00:19:15 IST">
  <testcase classname="com.airbase.base.BaseTest" name="@BeforeSuite setup" time="-1.749322155888E9">
    <failure type="org.testng.TestNGException" message="
Can inject only one of &amp;lt;ITestContext, XmlTest&amp;gt; into a @BeforeSuite annotated setup.
For more information on native dependency injection please refer to https://testng.org/doc/documentation-main.html#native-dependency-injection">
      <![CDATA[org.testng.TestNGException: 
Can inject only one of <ITestContext, XmlTest> into a @BeforeSuite annotated setup.
For more information on native dependency injection please refer to https://testng.org/doc/documentation-main.html#native-dependency-injection
... Removed 16 stack frames]]>
    </failure>
  </testcase> <!-- @BeforeSuite setup -->
  <testcase classname="com.airbase.tests.AmazonTest" name="@BeforeClass browserSetup" time="-1.749322155921E9">
    <skipped/>
  </testcase> <!-- @BeforeClass browserSetup -->
  <testcase classname="com.airbase.tests.AmazonTest" name="amazonSearchTest" time="0.0">
    <skipped/>
  </testcase> <!-- amazonSearchTest -->
</testsuite> <!-- Test -->
